[    0.000000] Linux version 4.15.0-115-generic (buildd@lgw01-amd64-037) (gcc version 7.5.0 (Ubuntu 7.5.0-3ubuntu1~18.04)) #116-Ubuntu SMP Wed Aug 26 14:04:49 UTC 2020 (Ubuntu 4.15.0-115.116-generic 4.15.18)
[    0.000000] Command line: BOOT_IMAGE=/boot/vmlinuz-4.15.0-115-generic root=LABEL=cloudimg-rootfs ro console=tty1 console=ttyS0
[    0.000000] KERNEL supported cpus:
[    0.000000]   Intel GenuineIntel
[    0.000000]   AMD AuthenticAMD
[    0.000000]   Centaur CentaurHauls
[    0.000000] x86/fpu: Supporting XSAVE feature 0x001: 'x87 floating point registers'
[    0.000000] x86/fpu: Supporting XSAVE feature 0x002: 'SSE registers'
[    0.000000] x86/fpu: Supporting XSAVE feature 0x004: 'AVX registers'
[    0.000000] x86/fpu: xstate_offset[2]:  576, xstate_sizes[2]:  256
[    0.000000] x86/fpu: Enabled xstate features 0x7, context size is 832 bytes, using 'standard' format.
[    0.000000] e820: BIOS-provided physical RAM map:
[    0.000000] BIOS-e820: [mem 0x0000000000000000-0x000000000009fbff] usable
[    0.000000] BIOS-e820: [mem 0x000000000009fc00-0x000000000009ffff] reserved
[    0.000000] BIOS-e820: [mem 0x00000000000f0000-0x00000000000fffff] reserved
[    0.000000] BIOS-e820: [mem 0x0000000000100000-0x000000003ffeffff] usable
[    0.000000] BIOS-e820: [mem 0x000000003fff0000-0x000000003fffffff] ACPI data
[    0.000000] BIOS-e820: [mem 0x00000000fec00000-0x00000000fec00fff] reserved
[    0.000000] BIOS-e820: [mem 0x00000000fee00000-0x00000000fee00fff] reserved
[    0.000000] BIOS-e820: [mem 0x00000000fffc0000-0x00000000ffffffff] reserved
[    0.000000] NX (Execute Disable) protection: active
[    0.000000] SMBIOS 2.5 present.
[    0.000000] DMI: innotek GmbH VirtualBox/VirtualBox, BIOS VirtualBox 12/01/2006
[    0.000000] Hypervisor detected: KVM
[    0.000000] e820: last_pfn = 0x3fff0 max_arch_pfn = 0x400000000
[    0.000000] MTRR: Disabled
[    0.000000] x86/PAT: MTRRs disabled, skipping PAT initialization too.
[    0.000000] CPU MTRRs all blank - virtualized system.
[    0.000000] x86/PAT: Configuration [0-7]: WB  WT  UC- UC  WB  WT  UC- UC  
[    0.000000] found SMP MP-table at [mem 0x0009fff0-0x0009ffff]
[    0.000000] Scanning 1 areas for low memory corruption
[    0.000000] RAMDISK: [mem 0x35a6b000-0x36d2cfff]
[    0.000000] ACPI: Early table checksum verification disabled
[    0.000000] ACPI: RSDP 0x00000000000E0000 000024 (v02 VBOX  )
[    0.000000] ACPI: XSDT 0x000000003FFF0030 00003C (v01 VBOX   VBOXXSDT 00000001 ASL  00000061)
[    0.000000] ACPI: FACP 0x000000003FFF00F0 0000F4 (v04 VBOX   VBOXFACP 00000001 ASL  00000061)
[    0.000000] ACPI: DSDT 0x000000003FFF0470 002325 (v02 VBOX   VBOXBIOS 00000002 INTL 20100528)
[    0.000000] ACPI: FACS 0x000000003FFF0200 000040
[    0.000000] ACPI: FACS 0x000000003FFF0200 000040
[    0.000000] ACPI: APIC 0x000000003FFF0240 00005C (v02 VBOX   VBOXAPIC 00000001 ASL  00000061)
[    0.000000] ACPI: SSDT 0x000000003FFF02A0 0001CC (v01 VBOX   VBOXCPUT 00000002 INTL 20100528)
[    0.000000] No NUMA configuration found
[    0.000000] Faking a node at [mem 0x0000000000000000-0x000000003ffeffff]
[    0.000000] NODE_DATA(0) allocated [mem 0x3ffc5000-0x3ffeffff]
[    0.000000] kvm-clock: cpu 0, msr 0:3ff44001, primary cpu clock
[    0.000000] kvm-clock: Using msrs 4b564d01 and 4b564d00
[    0.000000] kvm-clock: using sched offset of 4952604606 cycles
[    0.000000] clocksource: kvm-clock: mask: 0xffffffffffffffff max_cycles: 0x1cd42e4dffb, max_idle_ns: 881590591483 ns
[    0.000000] Zone ranges:
[    0.000000]   DMA      [mem 0x0000000000001000-0x0000000000ffffff]
[    0.000000]   DMA32    [mem 0x0000000001000000-0x000000003ffeffff]
[    0.000000]   Normal   empty
[    0.000000]   Device   empty
[    0.000000] Movable zone start for each node
[    0.000000] Early memory node ranges
[    0.000000]   node   0: [mem 0x0000000000001000-0x000000000009efff]
[    0.000000]   node   0: [mem 0x0000000000100000-0x000000003ffeffff]
[    0.000000] Reserved but unavailable: 98 pages
[    0.000000] Initmem setup node 0 [mem 0x0000000000001000-0x000000003ffeffff]
[    0.000000] ACPI: PM-Timer IO Port: 0x4008
[    0.000000] IOAPIC[0]: apic_id 2, version 32, address 0xfec00000, GSI 0-23
[    0.000000] ACPI: INT_SRC_OVR (bus 0 bus_irq 0 global_irq 2 dfl dfl)
[    0.000000] ACPI: INT_SRC_OVR (bus 0 bus_irq 9 global_irq 9 low level)
[    0.000000] Using ACPI (MADT) for SMP configuration information
[    0.000000] smpboot: Allowing 2 CPUs, 0 hotplug CPUs
[    0.000000] PM: Registered nosave memory: [mem 0x00000000-0x00000fff]
[    0.000000] PM: Registered nosave memory: [mem 0x0009f000-0x0009ffff]
[    0.000000] PM: Registered nosave memory: [mem 0x000a0000-0x000effff]
[    0.000000] PM: Registered nosave memory: [mem 0x000f0000-0x000fffff]
[    0.000000] e820: [mem 0x40000000-0xfebfffff] available for PCI devices
[    0.000000] Booting paravirtualized kernel on KVM
[    0.000000] clocksource: refined-jiffies: mask: 0xffffffff max_cycles: 0xffffffff, max_idle_ns: 7645519600211568 ns
[    0.000000] random: get_random_bytes called from start_kernel+0x99/0x500 with crng_init=0
[    0.000000] setup_percpu: NR_CPUS:8192 nr_cpumask_bits:2 nr_cpu_ids:2 nr_node_ids:1
[    0.000000] percpu: Embedded 45 pages/cpu s147456 r8192 d28672 u1048576
[    0.000000] PV qspinlock hash table entries: 256 (order: 0, 4096 bytes)
[    0.000000] Built 1 zonelists, mobility grouping on.  Total pages: 257913
[    0.000000] Policy zone: DMA32
[    0.000000] Kernel command line: BOOT_IMAGE=/boot/vmlinuz-4.15.0-115-generic root=LABEL=cloudimg-rootfs ro console=tty1 console=ttyS0
[    0.000000] Memory: 983040K/1048120K available (12300K kernel code, 2481K rwdata, 4272K rodata, 2436K init, 2724K bss, 65080K reserved, 0K cma-reserved)
[    0.000000] SLUB: HWalign=64, Order=0-3, MinObjects=0, CPUs=2, Nodes=1
[    0.000000] Kernel/User page tables isolation: enabled
[    0.000000] ftrace: allocating 39392 entries in 154 pages
[    0.004000] Hierarchical RCU implementation.
[    0.004000] 	RCU restricting CPUs from NR_CPUS=8192 to nr_cpu_ids=2.
[    0.004000] 	Tasks RCU enabled.
[    0.004000] RCU: Adjusting geometry for rcu_fanout_leaf=16, nr_cpu_ids=2
[    0.004000] NR_IRQS: 524544, nr_irqs: 440, preallocated irqs: 16
[    0.004000] Console: colour VGA+ 80x25
[    0.004000] console [tty1] enabled
[    0.004000] console [ttyS0] enabled
[    0.004000] ACPI: Core revision 20170831
[    0.004000] ACPI: 2 ACPI AML tables successfully acquired and loaded
[    0.004000] APIC: Switch to symmetric I/O mode setup
[    0.004000] x2apic enabled
[    0.004000] Switched APIC routing to physical x2apic.
[    0.004000] ..TIMER: vector=0x30 apic1=0 pin1=2 apic2=-1 pin2=-1
[    0.004006] tsc: Detected 1995.381 MHz processor
[    0.005277] Calibrating delay loop (skipped) preset value.. 3990.76 BogoMIPS (lpj=7981524)
[    0.008006] pid_max: default: 32768 minimum: 301
[    0.012043] Security Framework initialized
[    0.013618] Yama: becoming mindful.
[    0.014771] AppArmor: AppArmor initialized
[    0.017489] Dentry cache hash table entries: 131072 (order: 8, 1048576 bytes)
[    0.019300] Inode-cache hash table entries: 65536 (order: 7, 524288 bytes)
[    0.020015] Mount-cache hash table entries: 2048 (order: 2, 16384 bytes)
[    0.021653] Mountpoint-cache hash table entries: 2048 (order: 2, 16384 bytes)
[    0.024259] Last level iTLB entries: 4KB 1024, 2MB 1024, 4MB 1024
[    0.025624] Last level dTLB entries: 4KB 1024, 2MB 1024, 4MB 1024, 1GB 4
[    0.028006] Spectre V1 : Mitigation: usercopy/swapgs barriers and __user pointer sanitization
[    0.030575] Spectre V2 : Mitigation: Full generic retpoline
[    0.032005] Spectre V2 : Spectre v2 / SpectreRSB mitigation: Filling RSB on context switch
[    0.034555] Speculative Store Bypass: Vulnerable
[    0.036073] SRBDS: Unknown: Dependent on hypervisor status
[    0.038119] MDS: Mitigation: Clear CPU buffers
[    0.040267] Freeing SMP alternatives memory: 36K
[    0.153310] smpboot: CPU0: Intel(R) Core(TM) i7-4750HQ CPU @ 2.00GHz (family: 0x6, model: 0x46, stepping: 0x1)
[    0.156590] Performance Events: unsupported p6 CPU model 70 no PMU driver, software events only.
[    0.160152] Hierarchical SRCU implementation.
[    0.162625] NMI watchdog: Perf event create on CPU 0 failed with -2
[    0.164015] NMI watchdog: Perf NMI watchdog permanently disabled
[    0.166357] smp: Bringing up secondary CPUs ...
[    0.168576] x86: Booting SMP configuration:
[    0.170158] .... node  #0, CPUs:      #1
[    0.004000] kvm-clock: cpu 1, msr 0:3ff44041, secondary cpu clock
[    0.176026] smp: Brought up 1 node, 2 CPUs
[    0.177171] smpboot: Max logical packages: 1
[    0.178150] smpboot: Total of 2 processors activated (7981.52 BogoMIPS)
[    0.180058] devtmpfs: initialized
[    0.181125] x86/mm: Memory block size: 128MB
[    0.182560] evm: security.selinux
[    0.183631] evm: security.SMACK64
[    0.184005] evm: security.SMACK64EXEC
[    0.185009] evm: security.SMACK64TRANSMUTE
[    0.185953] evm: security.SMACK64MMAP
[    0.188011] evm: security.apparmor
[    0.189362] evm: security.ima
[    0.190115] evm: security.capability
[    0.191112] clocksource: jiffies: mask: 0xffffffff max_cycles: 0xffffffff, max_idle_ns: 7645041785100000 ns
[    0.192012] futex hash table entries: 512 (order: 3, 32768 bytes)
[    0.196030] pinctrl core: initialized pinctrl subsystem
[    0.197484] RTC time: 13:33:56, date: 09/03/20
[    0.198623] NET: Registered protocol family 16
[    0.199809] audit: initializing netlink subsys (disabled)
[    0.200035] audit: type=2000 audit(1599140042.576:1): state=initialized audit_enabled=0 res=1
[    0.201939] cpuidle: using governor ladder
[    0.204026] cpuidle: using governor menu
[    0.205142] ACPI: bus type PCI registered
[    0.206070] acpiphp: ACPI Hot Plug PCI Controller Driver version: 0.5
[    0.207793] PCI: Using configuration type 1 for base access
[    0.210080] HugeTLB registered 2.00 MiB page size, pre-allocated 0 pages
[    0.212247] ACPI: Added _OSI(Module Device)
[    0.216007] ACPI: Added _OSI(Processor Device)
[    0.217665] ACPI: Added _OSI(3.0 _SCP Extensions)
[    0.220012] ACPI: Added _OSI(Processor Aggregator Device)
[    0.222480] ACPI: Added _OSI(Linux-Dell-Video)
[    0.224007] ACPI: Added _OSI(Linux-Lenovo-NV-HDMI-Audio)
[    0.225179] ACPI: Added _OSI(Linux-HPI-Hybrid-Graphics)
[    0.229142] ACPI: Executed 1 blocks of module-level executable AML code
[    0.243031] ACPI: Interpreter enabled
[    0.244035] ACPI: (supports S0 S5)
[    0.244879] ACPI: Using IOAPIC for interrupt routing
[    0.246918] PCI: Using host bridge windows from ACPI; if necessary, use "pci=nocrs" and report a bug
[    0.252192] ACPI: Enabled 2 GPEs in block 00 to 07
[    0.262759] ACPI: PCI Root Bridge [PCI0] (domain 0000 [bus 00-ff])
[    0.264010] acpi PNP0A03:00: _OSC: OS supports [ASPM ClockPM Segments MSI]
[    0.266125] acpi PNP0A03:00: _OSC: not requesting OS control; OS requires [ExtendedConfig ASPM ClockPM MSI]
[    0.268026] acpi PNP0A03:00: fail to add MMCONFIG information, can't access extended PCI configuration space under this bridge.
[    0.272549] PCI host bridge to bus 0000:00
[    0.273684] pci_bus 0000:00: root bus resource [io  0x0000-0x0cf7 window]
[    0.275040] pci_bus 0000:00: root bus resource [io  0x0d00-0xffff window]
[    0.276007] pci_bus 0000:00: root bus resource [mem 0x000a0000-0x000bffff window]
[    0.277744] pci_bus 0000:00: root bus resource [mem 0x40000000-0xfdffffff window]
[    0.280005] pci_bus 0000:00: root bus resource [bus 00-ff]
[    0.285406] pci 0000:00:01.1: legacy IDE quirk: reg 0x10: [io  0x01f0-0x01f7]
[    0.287038] pci 0000:00:01.1: legacy IDE quirk: reg 0x14: [io  0x03f6]
[    0.288005] pci 0000:00:01.1: legacy IDE quirk: reg 0x18: [io  0x0170-0x0177]
[    0.290208] pci 0000:00:01.1: legacy IDE quirk: reg 0x1c: [io  0x0376]
[    0.315559] pci 0000:00:07.0: quirk: [io  0x4000-0x403f] claimed by PIIX4 ACPI
[    0.316060] pci 0000:00:07.0: quirk: [io  0x4100-0x410f] claimed by PIIX4 SMB
[    0.332028] ACPI: PCI Interrupt Link [LNKA] (IRQs 5 9 10 *11)
[    0.336312] ACPI: PCI Interrupt Link [LNKB] (IRQs 5 9 *10 11)
[    0.340709] ACPI: PCI Interrupt Link [LNKC] (IRQs 5 *9 10 11)
[    0.342942] ACPI: PCI Interrupt Link [LNKD] (IRQs 5 9 10 *11)
[    0.344606] SCSI subsystem initialized
[    0.345651] pci 0000:00:02.0: vgaarb: setting as boot VGA device
[    0.348000] pci 0000:00:02.0: vgaarb: VGA device added: decodes=io+mem,owns=io+mem,locks=none
[    0.348033] pci 0000:00:02.0: vgaarb: bridge control possible
[    0.352011] vgaarb: loaded
[    0.353098] ACPI: bus type USB registered
[    0.354166] usbcore: registered new interface driver usbfs
[    0.356035] usbcore: registered new interface driver hub
[    0.357316] usbcore: registered new device driver usb
[    0.358764] EDAC MC: Ver: 3.0.0
[    0.360328] PCI: Using ACPI for IRQ routing
[    0.361773] NetLabel: Initializing
[    0.362731] NetLabel:  domain hash size = 128
[    0.364004] NetLabel:  protocols = UNLABELED CIPSOv4 CALIPSO
[    0.365257] NetLabel:  unlabeled traffic allowed by default
[    0.366483] clocksource: Switched to clocksource kvm-clock
[    0.381256] VFS: Disk quotas dquot_6.6.0
[    0.382411] VFS: Dquot-cache hash table entries: 512 (order 0, 4096 bytes)
[    0.383978] AppArmor: AppArmor Filesystem Enabled
[    0.385190] pnp: PnP ACPI init
[    0.387276] pnp: PnP ACPI: found 3 devices
[    0.400313] clocksource: acpi_pm: mask: 0xffffff max_cycles: 0xffffff, max_idle_ns: 2085701024 ns
[    0.402456] NET: Registered protocol family 2
[    0.403925] TCP established hash table entries: 8192 (order: 4, 65536 bytes)
[    0.405951] TCP bind hash table entries: 8192 (order: 5, 131072 bytes)
[    0.409251] TCP: Hash tables configured (established 8192 bind 8192)
[    0.411365] UDP hash table entries: 512 (order: 2, 16384 bytes)
[    0.413369] UDP-Lite hash table entries: 512 (order: 2, 16384 bytes)
[    0.415731] NET: Registered protocol family 1
[    0.417029] pci 0000:00:00.0: Limiting direct PCI/PCI transfers
[    0.418419] pci 0000:00:01.0: Activating ISA DMA hang workarounds
[    0.420899] pci 0000:00:02.0: Video device with shadowed ROM at [mem 0x000c0000-0x000dffff]
[    0.424996] Unpacking initramfs...
[    0.810513] Freeing initrd memory: 19208K
[    0.812535] clocksource: tsc: mask: 0xffffffffffffffff max_cycles: 0x398645f40a8, max_idle_ns: 881590586805 ns
[    0.815882] platform rtc_cmos: registered platform RTC device (no PNP device found)
[    0.820852] Scanning for low memory corruption every 60 seconds
[    0.825627] Initialise system trusted keyrings
[    0.827894] Key type blacklist registered
[    0.830077] workingset: timestamp_bits=36 max_order=18 bucket_order=0
[    0.833239] zbud: loaded
[    0.834415] squashfs: version 4.0 (2009/01/31) Phillip Lougher
[    0.836209] fuse init (API version 7.26)
[    0.842191] Key type asymmetric registered
[    0.843673] Asymmetric key parser 'x509' registered
[    0.846778] Block layer SCSI generic (bsg) driver version 0.4 loaded (major 246)
[    0.849836] io scheduler noop registered
[    0.851674] io scheduler deadline registered
[    0.852893] io scheduler cfq registered (default)
[    0.854529] ACPI: AC Adapter [AC] (on-line)
[    0.855639] input: Power Button as /devices/LNXSYSTM:00/LNXPWRBN:00/input/input0
[    0.857525] ACPI: Power Button [PWRF]
[    0.858636] input: Sleep Button as /devices/LNXSYSTM:00/LNXSLPBN:00/input/input1
[    0.860452] ACPI: Sleep Button [SLPF]
[    0.863706] ACPI: Battery Slot [BAT0] (battery present)
[    0.864506] Serial: 8250/16550 driver, 32 ports, IRQ sharing enabled
[    0.887783] 00:02: ttyS0 at I/O 0x3f8 (irq = 4, base_baud = 115200) is a 16550A
[    0.893033] Linux agpgart interface v0.103
[    0.898034] loop: module loaded
[    0.901503] scsi host0: ata_piix
[    0.903304] scsi host1: ata_piix
[    0.904781] ata1: PATA max UDMA/33 cmd 0x1f0 ctl 0x3f6 bmdma 0xd000 irq 14
[    0.907423] ata2: PATA max UDMA/33 cmd 0x170 ctl 0x376 bmdma 0xd008 irq 15
[    0.910877] libphy: Fixed MDIO Bus: probed
[    0.912297] tun: Universal TUN/TAP device driver, 1.6
[    0.913890] PPP generic driver version 2.4.2
[    0.915236] ehci_hcd: USB 2.0 'Enhanced' Host Controller (EHCI) Driver
[    0.917624] ehci-pci: EHCI PCI platform driver
[    0.918710] ehci-platform: EHCI generic platform driver
[    0.920461] ohci_hcd: USB 1.1 'Open' Host Controller (OHCI) Driver
[    0.922228] ohci-pci: OHCI PCI platform driver
[    0.923425] ohci-platform: OHCI generic platform driver
[    0.924762] uhci_hcd: USB Universal Host Controller Interface driver
[    0.926112] i8042: PNP: PS/2 Controller [PNP0303:PS2K,PNP0f03:PS2M] at 0x60,0x64 irq 1,12
[    0.928585] serio: i8042 KBD port at 0x60,0x64 irq 1
[    0.929699] serio: i8042 AUX port at 0x60,0x64 irq 12
[    0.931001] mousedev: PS/2 mouse device common for all mice
[    0.932572] input: AT Translated Set 2 keyboard as /devices/platform/i8042/serio0/input/input2
[    0.935023] rtc_cmos rtc_cmos: rtc core: registered rtc_cmos as rtc0
[    0.936772] rtc_cmos rtc_cmos: alarms up to one day, 114 bytes nvram
[    0.938522] i2c /dev entries driver
[    0.939522] device-mapper: uevent: version 1.0.3
[    0.941332] device-mapper: ioctl: 4.37.0-ioctl (2017-09-20) initialised: dm-devel@redhat.com
[    0.944236] ledtrig-cpu: registered to indicate activity on CPUs
[    0.946403] NET: Registered protocol family 10
[    0.951619] Segment Routing with IPv6
[    0.952570] NET: Registered protocol family 17
[    0.953870] Key type dns_resolver registered
[    0.955455] mce: Using 0 MCE banks
[    0.956649] RAS: Correctable Errors collector initialized.
[    0.958094] sched_clock: Marking stable (956619770, 0)->(1200002121, -243382351)
[    0.960800] registered taskstats version 1
[    0.961788] Loading compiled-in X.509 certificates
[    0.966669] Loaded X.509 cert 'Build time autogenerated kernel key: 4655b2c914ed6b33eca2e2b4a955f269ad793254'
[    0.969727] zswap: loaded using pool lzo/zbud
[    0.975993] Key type big_key registered
[    0.977027] Key type trusted registered
[    0.981604] Key type encrypted registered
[    0.983111] AppArmor: AppArmor sha1 policy hashing enabled
[    0.985606] ima: No TPM chip found, activating TPM-bypass! (rc=-19)
[    0.987654] ima: Allocated hash algorithm: sha1
[    0.989174] evm: HMAC attrs: 0x1
[    0.990692]   Magic number: 4:650:583
[    0.994541] rtc_cmos rtc_cmos: setting system clock to 2020-09-03 13:33:57 UTC (1599140037)
[    0.999601] BIOS EDD facility v0.16 2004-Jun-25, 0 devices found
[    1.002817] EDD information not available.
[    1.199280] Freeing unused kernel image memory: 2436K
[    1.212697] Write protecting the kernel read-only data: 20480k
[    1.215977] Freeing unused kernel image memory: 2008K
[    1.217713] Freeing unused kernel image memory: 1872K
[    1.227108] x86/mm: Checked W+X mappings: passed, no W+X pages found.
[    1.228917] x86/mm: Checking user space page tables
[    1.236802] x86/mm: Checked W+X mappings: passed, no W+X pages found.
Loading, please wait...
starting version 237
[    1.339612] Fusion MPT base driver 3.04.20
[    1.342189] Copyright (c) 1999-2008 LSI Corporation
[    1.347289] e1000: Intel(R) PRO/1000 Network Driver - version 7.3.21-k8-NAPI
[    1.348890] e1000: Copyright (c) 1999-2006 Intel Corporation.
[    1.367735] AVX2 version of gcm_enc/dec engaged.
[    1.368905] AES CTR mode by8 optimization enabled
[    1.388733] Fusion MPT SPI Host driver 3.04.20
[    1.560780] input: ImExPS/2 Generic Explorer Mouse as /devices/platform/i8042/serio1/input/input4
[    1.835667] e1000 0000:00:03.0 eth0: (PCI:33MHz:32-bit) 02:86:2f:41:27:17
[    1.837341] e1000 0000:00:03.0 eth0: Intel(R) PRO/1000 Network Connection
[    1.840861] mptbase: ioc0: Initiating bringup
[    1.841185] e1000 0000:00:03.0 enp0s3: renamed from eth0
[    1.944638] ioc0: LSI53C1030 A0: Capabilities={Initiator}
[    2.187823] scsi host2: ioc0: LSI53C1030 A0, FwRev=00000000h, Ports=1, MaxQ=256, IRQ=20
[    2.358023] scsi 2:0:0:0: Direct-Access     VBOX     HARDDISK         1.0  PQ: 0 ANSI: 5
[    2.392243] scsi target2:0:0: Beginning Domain Validation
[    2.396244] scsi target2:0:0: Domain Validation skipping write tests
[    2.397635] scsi target2:0:0: Ending Domain Validation
[    2.398825] scsi target2:0:0: asynchronous
[    2.402588] scsi 2:0:1:0: Direct-Access     VBOX     HARDDISK         1.0  PQ: 0 ANSI: 5
[    2.436363] scsi target2:0:1: Beginning Domain Validation
[    2.440270] random: fast init done
[    2.442741] scsi target2:0:1: Domain Validation skipping write tests
[    2.444594] scsi target2:0:1: Ending Domain Validation
[    2.446293] scsi target2:0:1: asynchronous
[    2.453911] random: systemd-udevd: uninitialized urandom read (16 bytes read)
[    2.456033] random: systemd-udevd: uninitialized urandom read (16 bytes read)
[    2.457895] random: systemd-udevd: uninitialized urandom read (16 bytes read)
[    2.460306] sd 2:0:0:0: Attached scsi generic sg0 type 0
[    2.460691] sd 2:0:0:0: [sda] 20971520 512-byte logical blocks: (10.7 GB/10.0 GiB)
[    2.463390] sd 2:0:1:0: Attached scsi generic sg1 type 0
[    2.465026] sd 2:0:0:0: [sda] Write Protect is off
[    2.468406] sd 2:0:1:0: [sdb] 20480 512-byte logical blocks: (10.5 MB/10.0 MiB)
[    2.470322] sd 2:0:0:0: [sda] Incomplete mode parameter data
[    2.471688] sd 2:0:0:0: [sda] Assuming drive cache: write through
[    2.473245] sd 2:0:1:0: [sdb] Write Protect is off
[    2.474524] sd 2:0:1:0: [sdb] Incomplete mode parameter data
[    2.476188] sd 2:0:1:0: [sdb] Assuming drive cache: write through
[    2.480467]  sda: sda1
[    2.481715] sd 2:0:1:0: [sdb] Attached SCSI disk
[    2.483959] sd 2:0:0:0: [sda] Attached SCSI disk
Begin: Loading essential drivers ... [    4.052384] raid6: sse2x1   gen()  7599 MB/s
[    4.100460] raid6: sse2x1   xor()  5241 MB/s
[    4.148514] raid6: sse2x2   gen()  9139 MB/s
[    4.196110] raid6: sse2x2   xor()  5957 MB/s
[    4.244268] raid6: sse2x4   gen()  6209 MB/s
[    4.292276] raid6: sse2x4   xor()  4516 MB/s
[    4.344545] raid6: avx2x1   gen() 10776 MB/s
[    4.392101] raid6: avx2x1   xor()  9585 MB/s
[    4.440184] raid6: avx2x2   gen() 16312 MB/s
[    4.488163] raid6: avx2x2   xor() 10442 MB/s
[    4.536329] raid6: avx2x4   gen() 20351 MB/s
[    4.584408] raid6: avx2x4   xor()  8311 MB/s
[    4.585376] raid6: using algorithm avx2x4 gen() 20351 MB/s
[    4.586698] raid6: .... xor() 8311 MB/s, rmw enabled
[    4.587776] raid6: using avx2x2 recovery algorithm
[    4.590957] xor: automatically using best checksumming function   avx       
[    4.594600] async_tx: api initialized (async)
done.
Begin: Running /scripts/init-premount ... done.
Begin: Mounting root file system ... Begin: Running /scripts/local-top ... done.
Begin: Running /scripts/local-premount ... [    4.659459] Btrfs loaded, crc32c=crc32c-intel
Scanning for Btrfs filesystems
done.
Warning: fsck not present, so skipping root file system
[    4.701853] EXT4-fs (sda1): mounted filesystem with ordered data mode. Opts: (null)
done.
Begin: Running /scripts/local-bottom ... done.
Begin: Running /scripts/init-bottom ... done.
[    4.937922] ip_tables: (C) 2000-2006 Netfilter Core Team
[    4.962641] systemd[1]: systemd 237 running in system mode. (+PAM +AUDIT +SELINUX +IMA +APPARMOR +SMACK +SYSVINIT +UTMP +LIBCRYPTSETUP +GCRYPT +GNUTLS +ACL +XZ +LZ4 +SECCOMP +BLKID +ELFUTILS +KMOD -IDN2 +IDN -PCRE2 default-hierarchy=hybrid)
[    4.970778] systemd[1]: Detected virtualization oracle.
[    4.972065] systemd[1]: Detected architecture x86-64.

Welcome to [1mUbuntu 18.04.5 LTS[0m!

[    5.001521] systemd[1]: Set hostname to <ubuntu>.
[    5.012340] systemd[1]: Initializing machine ID from random generator.
[    5.014152] systemd[1]: Installed transient /etc/machine-id file.
[    5.631573] systemd[1]: Started Forward Password Requests to Wall Directory Watch.
[[0;32m  OK  [0m] Started Forward Password Requests to Wall Directory Watch.
[    5.635830] systemd[1]: Reached target System Time Synchronized.
[[0;32m  OK  [0m] Reached target System Time Synchronized.
[    5.648649] systemd[1]: Reached target Swap.
[[0;32m  OK  [0m] Reached target Swap.
[    5.652980] systemd[1]: Created slice System Slice.
[[0;32m  OK  [0m] Created slice System Slice.
[[0;32m  OK  [0m] Listening on udev Control Socket.
[[0;32m  OK  [0m] Listening on /dev/initctl Compatibility Named Pipe.
[[0;32m  OK  [0m] Listening on LVM2 poll daemon socket.
[[0;32m  OK  [0m] Listening on udev Kernel Socket.
[[0;32m  OK  [0m] Listening on Network Service Netlink Socket.
[[0;32m  OK  [0m] Listening on Journal Socket (/dev/log).
[[0;32m  OK  [0m] Listening on Syslog Socket.
[[0;32m  OK  [0m] Listening on LVM2 metadata daemon socket.
[[0;32m  OK  [0m] Set up automount Arbitrary Executab…rmats File System Automount Point.
[[0;32m  OK  [0m] Listening on Journal Socket.
         Starting udev Coldplug all Devices...
         Mounting Kernel Debug File System...
         Starting Uncomplicated firewall...
         Starting Load Kernel Modules...
         Mounting POSIX Message Queue File System...
[[0;32m  OK  [0m] Reached target User and Group Name Lookups.
         Starting Set the console keyboard layout...
         Starting Remount Root and Kernel File Systems...
[[0;32m  OK  [0m] Created slice system-serial\x2dgetty.slice.
[[0;32m  OK  [0m] Listening on Journal Audit Socket.
         Starting Journal Service...
[    5.752100] Loading iSCSI transport class v2.0-870.
[[0;32m  OK  [0m] Created slice User and Session Slice.
[    5.759859] iscsi: registered transport (tcp)
[[0;32m  OK  [0m] Reached target Slices.
         Starting Create list of required st…ce nodes for the current kernel...
[[0;32m  OK  [0m] Listening on Device-mapper event daemon FIFOs.
         Starting Monitoring of LVM2 mirrors…ng dmeventd or progress polling...
         Mounting Huge Pages File System...
[[0;32m  OK  [0m] Mounted Kernel Debug File System.
[[0;32m  OK  [0m] Started Uncomplicated firewall.
[[0;32m  OK  [0m] Mounted POSIX Message Queue File System.
[[0;32m  OK  [0m] Mounted Huge Pages File System.
[[0;32m  OK  [0m] Started Journal Service.
[    5.844805] iscsi: registered transport (iser)
[[0;32m  OK  [0m] Started Load Kernel Modules.
         Mounting Kernel Configuration File System...
         Starting Apply K[    5.853438] EXT4-fs (sda1): re-mounted. Opts: (null)
ernel Variables...
         Mounting FUSE Control File System...
[[0;32m  OK  [0m] Started Remount Root and Kernel File Systems.
[[0;32m  OK  [0m] Started Create list of required sta…vice nodes for the current kernel.
[[0;32m  OK  [0m] Started udev Coldplug all Devices.
[[0;32m  OK  [0m] Mounted Kernel Configuration File System.
[[0;32m  OK  [0m] Mounted FUSE Control File System.
         Starting Create Static Device Nodes in /dev...
         Starting Flush Journal to Persistent Storage...
         Starting Load/Save Random Seed...
[[0;32m  OK  [0m] Started Create Static Device Nodes in /dev.
[[0;32m  OK  [0m] Started LVM2 metadata daemon.
         Starting udev Kernel Device Manager...
[[0;32m  OK  [0m] Started Apply Kernel Variables.
[[0;32m  OK  [0m] Started Load/Save Random Seed.
[[0;32m  OK  [0m] Started Monitoring of LVM2 mirrors,…sing dmeventd or progress polling.
[[0;32m  OK  [0m] Started Set the console keyboard layout.
[[0;32m  OK  [0m] Started udev Kernel Device Manager.
[[0;32m  OK  [0m] Started Flush Journal to Persistent Storage.
[[0;32m  OK  [0m] Reached target Local File Systems (Pre).
[[0;32m  OK  [0m] Reached target Local File Systems.
         Starting ebtables ruleset management...
         Starting AppArmor initialization...
         Starting Set console font and keymap...
         Starting Create Volatile Files and Directories...
         Starting Commit a transient machine-id on disk...
         Starting Tell Plymouth To Write Out Runtime Data...
[[0;32m  OK  [0m] Started Dispatch Password Requests to Console Directory Watch.
[[0;32m  OK  [0m] Reached target Local Encrypted Volumes.
[[0;32m  OK  [0m] Started Set console font and keymap.
[[0;32m  OK  [0m] Started Tell Plymouth To Write Out Runtime Data.
[[0;32m  OK  [0m] Started Create Volatile Files and Directories.
         Starting Update UTMP about System Boot/Shutdown...
[[0;32m  OK  [0m] Started Update UTMP about System Boot/Shutdown.
[[0;32m  OK  [0m] Started Commit a transient machine-id on disk.
[[0;32m  OK  [0m] Started ebtables ruleset management.
[[0;32m  OK  [0m] Found device /dev/ttyS0.
[[0;32m  OK  [0m] Listening on Load/Save RF Kill Switch Status /dev/rfkill Watch.
[[0;32m  OK  [0m] Started AppArmor initialization.
         Starting Initial cloud-init job (pre-networking)...
         Starting Load AppArmor profiles managed internally by snapd...
[[0;32m  OK  [0m] Started Load AppArmor profiles managed internally by snapd.
[    9.363570] cloud-init[555]: Cloud-init v. 20.2-45-g5f7825e2-0ubuntu1~18.04.1 running 'init-local' at Thu, 03 Sep 2020 13:34:05 +0000. Up 8.83 seconds.
[[0;32m  OK  [0m] Started Initial cloud-init job (pre-networking).
[[0;32m  OK  [0m] Reached target Network (Pre).
         Starting Network Service...
[[0;32m  OK  [0m] Started Network Service.
         Starting Network Name Resolution...
         Starting Wait for Network to be Configured...
[[0;32m  OK  [0m] Started Network Name Resolution.
[[0;32m  OK  [0m] Reached target Host and Network Name Lookups.
[[0;32m  OK  [0m] Reached target Network.
[[0;32m  OK  [0m] Started Wait for Network to be Configured.
         Starting Initial cloud-init job (metadata service crawler)...
[   11.617155] cloud-init[704]: Cloud-init v. 20.2-45-g5f7825e2-0ubuntu1~18.04.1 running 'init' at Thu, 03 Sep 2020 13:34:07 +0000. Up 11.20 seconds.
[   11.621869] cloud-init[704]: ci-info: ++++++++++++++++++++++++++++++++++++++Net device info++++++++++++++++++++++++++++++++++++++
[   11.627752] cloud-init[704]: ci-info: +--------+------+----------------------------+---------------+--------+-------------------+
[   11.632798] cloud-init[704]: ci-info: | Device |  Up  |          Address           |      Mask     | Scope  |     Hw-Address    |
[   11.652504] cloud-init[704]: ci-info: +--------+------+----------------------------+---------------+--------+-------------------+
[   11.657243] cloud-init[704]: ci-info: | enp0s3 | True |         10.0.2.15          | 255.255.255.0 | global | 02:86:2f:41:27:17 |
[   11.661013] cloud-init[704]: ci-info: | enp0s3 | True | fe80::86:2fff:fe41:2717/64 |       .       |  link  | 02:86:2f:41:27:17 |
[   11.665513] cloud-init[704]: ci-info: |   lo   | True |         127.0.0.1          |   255.0.0.0   |  host  |         .         |
[   11.676268] cloud-init[704]: ci-info: |   lo   | True |          ::1/128           |       .       |  host  |         .         |
[   11.680008] cloud-init[704]: ci-info: +--------+------+----------------------------+---------------+--------+-------------------+
[   11.696493] cloud-init[704]: ci-info: ++++++++++++++++++++++++++++Route IPv4 info+++++++++++++++++++++++++++++
[   11.698687] cloud-init[704]: ci-info: +-------+-------------+----------+-----------------+-----------+-------+
[   11.701327] cloud-init[704]: ci-info: | Route | Destination | Gateway  |     Genmask     | Interface | Flags |
[   11.716627] cloud-init[704]: ci-info: +-------+-------------+----------+-----------------+-----------+-------+
[   11.718914] cloud-init[704]: ci-info: |   0   |   0.0.0.0   | 10.0.2.2 |     0.0.0.0     |   enp0s3  |   UG  |
[   11.721971] cloud-init[704]: ci-info: |   1   |   10.0.2.0  | 0.0.0.0  |  255.255.255.0  |   enp0s3  |   U   |
[   11.724809] cloud-init[704]: ci-info: |   2   |   10.0.2.2  | 0.0.0.0  | 255.255.255.255 |   enp0s3  |   UH  |
[   11.727811] cloud-init[704]: ci-info: +-------+-------------+----------+-----------------+-----------+-------+
[   11.731525] cloud-init[704]: ci-info: +++++++++++++++++++Route IPv6 info+++++++++++++++++++
[   11.735063] cloud-init[704]: ci-info: +-------+-------------+---------+-----------+-------+
[   11.738648] cloud-init[704]: ci-info: | Route | Destination | Gateway | Interface | Flags |
[   11.742910] cloud-init[704]: ci-info: +-------+-------------+---------+-----------+-------+
[   11.746812] cloud-init[704]: ci-info: |   1   |  fe80::/64  |    ::   |   enp0s3  |   U   |
[   11.749250] cloud-init[704]: ci-info: |   3   |    local    |    ::   |   enp0s3  |   U   |
[   11.764777] cloud-init[704]: ci-info: |   4   |   ff00::/8  |    ::   |   enp0s3  |   U   |
[   11.768469] cloud-init[704]: ci-info: +-------+-------------+---------+-----------+-------+
[   12.645708] cloud-init[704]: Generating public/private rsa key pair.
[   12.649296] cloud-init[704]: Your identification has been saved in /etc/ssh/ssh_host_rsa_key.
[   12.653351] cloud-init[704]: Your public key has been saved in /etc/ssh/ssh_host_rsa_key.pub.
[   12.656273] cloud-init[704]: The key fingerprint is:
[   12.658641] cloud-init[704]: SHA256:rZ7SdlunELoDKdNhO7ZqfZPqj95ERjD+AmXjLCK7wl4 root@ubuntu-bionic
[   12.662597] cloud-init[704]: The key's randomart image is:
[   12.664556] cloud-init[704]: +---[RSA 2048]----+
[   12.676546] cloud-init[704]: |      *          |
[   12.678104] cloud-init[704]: |     * +         |
[   12.692421] cloud-init[704]: |. . o + .        |
[   12.695119] cloud-init[704]: | o . ooo .       |
[   12.698764] cloud-init[704]: |.    o.+S o      |
[   12.701897] cloud-init[704]: |..  o B+ o .     |
[   12.704901] cloud-init[704]: |o. E = =+.. . .  |
[   12.707491] cloud-init[704]: |o . . +=Bo.o o   |
[   12.724795] cloud-init[704]: | . ..+=**+...    |
[   12.740718] cloud-init[704]: +----[SHA256]-----+
[   12.742495] cloud-init[704]: Generating public/private dsa key pair.
[   12.743628] cloud-init[704]: Your identification has been saved in /etc/ssh/ssh_host_dsa_key.
[[0;32m  OK  [0m] Started Initial cloud-init job (metadata service crawler).
[   12.762287] cloud-init[704]: Your public key has been saved in /etc/ssh/ssh_host_dsa_key.pub.
[[0;32m  OK  [0m] Reached target System Initialization.
[   12.765487] cloud-init[704]: The key fingerprint is:
[   12.766673] cloud-init[704]: SHA256:muCjp/WgpMJXS1IgGkzSVD9c69H8Lge497PH2F4b+PI root@ubuntu-bionic
         Starting Socket activation for snappy daemon.
[   12.774788] [[0;32m  OK  [0m] Started Discard unused blocks once a week.
[[0;32m  OK  [0m] Listening on ACPID Listen Socket.
[[0;32m  OK  [0m] Listening on UUID daemon activation socket.
[[0;32m  OK  [0m] Listening on D-Bus System Message Bus Socket.
[[0;32m  OK  [0m] Started Message of the Day.
cloud-init[704]: The key's randomart image is:
[   12.784685] cloud-init[704]: +---[DSA 1024]----+
[[0;32m  OK  [0m] Started ACPI Events Check.
[[0;32m  OK  [0m] Reached target Paths.
[[0;32m  OK  [0m] Started Daily apt download activities.
[[0;32m  OK  [0m] Listening on Open-iSCSI iscsid Socket.
[[0;32m  OK  [0m] Started Daily Cleanup of Temporary Directories.
[[0;32m  OK  [0m] Started Daily apt upgrade and clean activities.
[[0;32m  OK  [0m] Reached target Timers.
[   12.800140]          Starting LXD - unix socket.
[[0;32m  OK  [0m] Reached target Network is Online.
cloud-init[704]: |++...   .        |
[   12.832674] cloud-init[704]: |oo.. o . +       |
[   12.832901] cloud-init[704]: |... . + o o      |
[[0;32m  OK  [0m] Reached target Remote File Systems (Pre).
[[0;32m  OK  [0m] Reached target Remote File Systems.
         Starting Availability of block devices...
[[0;32m  OK  [0m] Reached target Cloud-config availability.
[   12.839954] cloud-init[704]: |.    . o o .     |
[[0;32m  OK  [0m] Listening on Socket activation for snappy daemon.
[   12.866212] cloud-init[[0;32m  OK  [0m] Listening on LXD - unix socket.
[704]: |    o   S . .    |
[   12.868057] cloud-init[704]: |   o + o . o  .  |
[   12.884354] cloud-init[704]: |. . O + . o o= ..|
[[0;32m  OK  [0m] Started Availability of block devices.
[   12.887844] cloud-init[[0;32m  OK  [0m] Reached target Sockets.
[[0;32m  OK  [0m] [704]: Reached target Basic System.|.+ =.=   . +o.=.o|

         Starting Dispatcher daemon for systemd-networkd...
[   12.903890] [[0;32m  OK  [0m] Started Regular background program processing daemon.
cloud-init         Starting System Logging Service...
         Starting Permit User Sessions...
[704]: |o =o  .     o=+E |
[   12.914540] [cloud-init[0;32m  OK  [0m[704]: ] +----[SHA256]-----+Started FUSE filesystem for LXC.

         Starting Virtualbox guest utils...
[   12.919179] cloud-init[704]: Generating public/private ecdsa key pair.
[   12.930418] cloud-init[704]: Your identification has been saved in /etc/ssh/ssh_host_ecdsa_key.[[0;32m  OK  [0m] Started D-Bus System Message Bus.

[   12.935647] cloud-init[704]: Your public key has been saved in /etc/ssh/ssh_host_ecdsa_key.pub.
[   12.941185] cloud-init[704]: The key fingerprint is:
[   12.956801] cloud-init[704]: SHA256://NLdNV23lqOMgfq0wWCnuQOWNndz+SBEqAFvH7V7yo root@ubuntu-bionic
[   12.976587] cloud-init[704]: The key's randomart image is:
[   12.979125] cloud-init[704]: +---[ECDSA 256]---+
[   12.996574] cloud-init[704]: |     ...o.       |
[   12.999045] cloud-init[704]: |      .o  .     .|
[   13.004473] cloud-init[704]: |      .+ o + .  =|
[   13.010164] cloud-init[704]: |      + + = = oo+|
[   13.013183] cloud-init[704]: |     + +So o.B..=|
[   13.015883] cloud-init[704]: |    . o =. . o** |
[   13.020591] cloud-init[704]: |       +  o.oo= .|
[   13.024789] cloud-init[704]: |        ..E.o=.  |
[   13.032663] cloud-init[704]: |          .oo+o. |
[   13.035044] cloud-init[704]: +----[SHA256]-----+
[   13.040843] cloud-init[704]: Generating public/private ed25519 key pair.
[   13.045930] cloud-init[704]: Your identification has been saved in /etc/ssh/ssh_host_ed25519_key.
[   13.051638] cloud-init[704]: Your public key has been saved in /etc/ssh/ssh_host_ed25519_key.pub.
[   13.056904] cloud-init[704]: The key fingerprint is:
[   13.058942] cloud-init[704]: SHA256:lAWC67Sh7Wr4sba25NRV7CMFyAs9HA6qsUsMu/MoyU0 root@ubuntu-bionic
[   13.073090] cloud-init[704]: The key's randomart image is:
[   13.088524] cloud-init[704]: +--[ED25519 256]--+
[   13.090089] cloud-init[704]: |  .+.+o ...      |
[   13.091853] cloud-init[704]: | ..oB  + o       |
[[0;32m  OK  [0m] Started Deferred execution scheduler.
[   13.104315] cloud-init[704]: |+  ..+  *        |         Starting Accounts Service...

[   13.106909] cloud-init[704]: |++  =  =         |
         Starting LSB: Record successful boot for GRUB...
[   13.121100] cloud-init[704]: |+o = oo S        |
         Starting LSB: automatic crash report generation...
[   13.126711] cloud-init[704]: |.o.E+. . .       |
[   13.129060] cloud-init[704]: |=o*..            |
[   13.130623] cloud-init[704]: |+O++.            |
[   13.132820] cloud-init[704]: |o=O+             |
[   13.146061] cloud-init[704]: +----[SHA256]-----+
         Starting Pollinate to seed the pseudo random number generator...
         Starting Login Service...
         Starting LXD - container startup/shutdown...
[[0;32m  OK  [0m] Started irqbalance daemon.
         Starting Snap Daemon...
[[0;32m  OK  [0m] Started System Logging Service.
[[0;32m  OK  [0m] Started Permit User Sessions.
         Starting Hold until boot process finishes up...
         Starting Terminate Plymouth Boot Screen...
[[0;32m  OK  [0m] Started Hold until boot process finishes up.
[[0;32m  OK  [0m] Started Serial Getty on ttyS0.
         Starting Set console scheme...
[[0;32m  OK  [0m] Started Terminate Plymouth Boot Screen.
[[0;32m  OK  [0m] Started Set console scheme.
[[0;32m  OK  [0m] Created slice system-getty.slice.
[[0;32m  OK  [0m] Started Getty on tty1.
[[0;32m  OK  [0m] Reached target Login Prompts.
         Starting Authorization Manager...
[[0;32m  OK  [0m] Started LSB: automatic crash report generation.
[[0;32m  OK  [0m] Started Login Service.
[[0;32m  OK  [0m] Started Unattended Upgrades Shutdown.
[[0;32m  OK  [0m] Started Authorization Manager.
[[0;32m  OK  [0m] Started Accounts Service.
[[0;32m  OK  [0m] Started Virtualbox guest utils.
[[0;32m  OK  [0m] Started LSB: Record successful boot for GRUB.
[[0;32m  OK  [0m] Started LXD - container startup/shutdown.
[[0;32m  OK  [0m] Started Dispatcher daemon for systemd-networkd.
[[0;32m  OK  [0m] Started Pollinate to seed the pseudo random number generator.
         Starting OpenBSD Secure Shell server...
[[0;32m  OK  [0m] Started OpenBSD Secure Shell server.
[[0;32m  OK  [0m] Started Snap Daemon.
         Starting Wait until snapd is fully seeded...
[[0;32m  OK  [0m] Created slice User Slice of vagrant.
         Starting User Manager for UID 1000...
[[0;32m  OK  [0m] Started Session 1 of user vagrant.
[[0;32m  OK  [0m] Started User Manager for UID 1000.
[[0;32m  OK  [0m] Started Wait until snapd is fully seeded.
         Starting Apply the settings specified in cloud-config...
[[0;32m  OK  [0m] Reached target Multi-User System.
[[0;32m  OK  [0m] Reached target Graphical Interface.
         Starting Update UTMP about System Runlevel Changes...
[[0;32m  OK  [0m] Started Update UTMP about System Runlevel Changes.
[   18.191138] cloud-init[1150]: Cloud-init v. 20.2-45-g5f7825e2-0ubuntu1~18.04.1 running 'modules:config' at Thu, 03 Sep 2020 13:34:13 +0000. Up 17.10 seconds.

Ubuntu 18.04.5 LTS ubuntu-bionic ttyS0

ubuntu-bionic login: ci-info: no authorized SSH keys fingerprints found for user ubuntu.
<14>Sep  3 13:34:16 ec2: 
<14>Sep  3 13:34:16 ec2: #############################################################
<14>Sep  3 13:34:16 ec2: -----BEGIN SSH HOST KEY FINGERPRINTS-----
<14>Sep  3 13:34:16 ec2: 1024 SHA256:muCjp/WgpMJXS1IgGkzSVD9c69H8Lge497PH2F4b+PI root@ubuntu-bionic (DSA)
<14>Sep  3 13:34:16 ec2: 256 SHA256://NLdNV23lqOMgfq0wWCnuQOWNndz+SBEqAFvH7V7yo root@ubuntu-bionic (ECDSA)
<14>Sep  3 13:34:16 ec2: 256 SHA256:lAWC67Sh7Wr4sba25NRV7CMFyAs9HA6qsUsMu/MoyU0 root@ubuntu-bionic (ED25519)
<14>Sep  3 13:34:16 ec2: 2048 SHA256:rZ7SdlunELoDKdNhO7ZqfZPqj95ERjD+AmXjLCK7wl4 root@ubuntu-bionic (RSA)
<14>Sep  3 13:34:16 ec2: -----END SSH HOST KEY FINGERPRINTS-----
<14>Sep  3 13:34:16 ec2: #############################################################
-----BEGIN SSH HOST KEY KEYS-----
ecdsa-sha2-nistp256 AAAAE2VjZHNhLXNoYTItbmlzdHAyNTYAAAAIbmlzdHAyNTYAAABBBPKowTr8CO3JBwpPsJgfW7pYxIXA4EUGdJdJOFhai7ywG2tjWPyVwaHi2G3353kVFS7OnpwBmfRbT64pAin0kmM= root@ubuntu-bionic
ssh-ed25519 AAAAC3NzaC1lZDI1NTE5AAAAIBDQ6O5NkO3o2WLjTgqY/TMe+dfrCki5Ns1rg8/inlbl root@ubuntu-bionic
ssh-rsa AAAAB3NzaC1yc2EAAAADAQABAAABAQC3i6HJirm5kIYpVXvU24IyM7BEwIQJrWvGgqj5KDHO6cCCGeVmGFrwHXr7Uk2UxNm3jrKjsm9e03y17hp/DOqoDMSllXyh7bj/enclj8H/v4Y0kpyo0MBw//VYSIHgXy+X3kyKz6D50IrEFZsKhCi+MupgtOfxY3AI/um+Jn0ABkafnG45O7o6KYRyy7myhuP+S58X+mtnlYnEWKbJU8FdcfcS9DAVDjUn5e0qayqz7oV4c0yesLJlNQcGbx6n9hFBbTb3+3ggEZMW92uKqffNuziXSm0eD4QXJT4H3pUxCLIpAQF4QRXDT5V24EoqLdjQdYgVQC3sFq0vJWPUd3Ez root@ubuntu-bionic
-----END SSH HOST KEY KEYS-----
[   19.610568] cloud-init[1277]: Cloud-init v. 20.2-45-g5f7825e2-0ubuntu1~18.04.1 running 'modules:final' at Thu, 03 Sep 2020 13:34:15 +0000. Up 19.31 seconds.
[   19.613230] cloud-init[1277]: ci-info: no authorized SSH keys fingerprints found for user ubuntu.
[   19.613777] cloud-init[1277]: Cloud-init v. 20.2-45-g5f7825e2-0ubuntu1~18.04.1 finished at Thu, 03 Sep 2020 13:34:16 +0000. Datasource DataSourceNoCloud [seed=/dev/sdb][dsmode=net].  Up 19.58 seconds
[[0;32m  OK  [0m] Stopped Unattended Upgrades Shutdown.
         Stopping Authorization Manager...
         Stopping Session 7 of user vagrant.
         Stopping Availability of block devices...
[[0;32m  OK  [0m] Stopped target Cloud-init target.
[[0;32m  OK  [0m] Stopped target Graphical Interface.
[[0;32m  OK  [0m] Stopped target Timers.
[[0;32m  OK  [0m] Stopped Message of the Day.
[[0;32m  OK  [0m] Stopped Discard unused blocks once a week.
         Stopping User Manager for UID 1000...
[[0;32m  OK  [0m] Stopped Execute cloud user/final scripts.
[[0;32m  OK  [0m] Stopped target Multi-User System.
[[0;32m  OK  [0m] Stopped target Login Prompts.
         Stopping Serial Getty on ttyS0...
         Stopping D-Bus System Message Bus...
         Stopping LSB: Record successful boot for GRUB...
         Stopping Regular background program processing daemon...
         Stopping LXD - container startup/shutdown...
         Stopping FUSE filesystem for LXC...
         Stopping OpenBSD Secure Shell server...
[[0;32m  OK  [0m] Stopped Apply the settings specified in cloud-config.
[[0;32m  OK  [0m] Stopped Wait until snapd is fully seeded.
[[0;32m  OK  [0m] Stopped Daily apt upgrade and clean activities.
[[0;32m  OK  [0m] Stopped Daily apt download activities.
[[0;32m  OK  [0m] Stopped target System Time Synchronized.
         Stopping System Logging Service...
[[0;32m  OK  [0m] Stopped target Host and Network Name Lookups.
         Stopping Getty on tty1...
[[0;32m  OK  [0m] Stopped target Cloud-config availability.
[[0;32m  OK  [0m] Stopped target Network is Online.
         Stopping Virtualbox guest utils...
         Stopping LSB: automatic crash report generation...
[[0;32m  OK  [0m] Stopped Daily Cleanup of Temporary Directories.
         Stopping Dispatcher daemon for systemd-networkd...
         Stopping Deferred execution scheduler...
         Stopping irqbalance daemon...
         Stopping Accounts Service...
[[0;32m  OK  [0m] Closed Load/Save RF Kill Switch Status /dev/rfkill Watch.
[[0;32m  OK  [0m] Unmounted /var/lib/lxcfs.
[[0;32m  OK  [0m] Stopped Dispatcher daemon for systemd-networkd.
[[0;32m  OK  [0m] Stopped Regular background program processing daemon.
[[0;32m  OK  [0m] Stopped System Logging Service.
[[0;32m  OK  [0m] Stopped Deferred execution scheduler.
[[0;32m  OK  [0m] Stopped Accounts Service.
[[0;32m  OK  [0m] Stopped irqbalance daemon.
[[0;32m  OK  [0m] Stopped Serial Getty on ttyS0.
[[0;32m  OK  [0m] Stopped Getty on tty1.
[[0;32m  OK  [0m] Stopped Authorization Manager.
[[0;32m  OK  [0m] Stopped OpenBSD Secure Shell server.
[[0;32m  OK  [0m] Stopped User Manager for UID 1000.
[[0;32m  OK  [0m] Stopped Availability of block devices.
[[0;32m  OK  [0m] Stopped D-Bus System Message Bus.
[[0;32m  OK  [0m] Stopped FUSE filesystem for LXC.
[[0;32m  OK  [0m] Stopped Session 7 of user vagrant.
[[0;32m  OK  [0m] Removed slice User Slice of vagrant.
         Stopping Login Service...
[[0;32m  OK  [0m] Removed slice system-getty.slice.
         Stopping Permit User Sessions...
[[0;32m  OK  [0m] Removed slice system-serial\x2dgetty.slice.
[[0;32m  OK  [0m] Stopped LSB: Record successful boot for GRUB.
[[0;32m  OK  [0m] Stopped Permit User Sessions.
[[0;32m  OK  [0m] Stopped target Network.
         Stopping Network Name Resolution...
[[0;32m  OK  [0m] Stopped LXD - container startup/shutdown.
[[0;32m  OK  [0m] Stopped LSB: automatic crash report generation.
[[0;32m  OK  [0m] Stopped Virtualbox guest utils.
[[0;32m  OK  [0m] Stopped target Remote File Systems.
[[0;32m  OK  [0m] Stopped target Remote File Systems (Pre).
[[0;32m  OK  [0m] Stopped Network Name Resolution.
[[0;32m  OK  [0m] Stopped Login Service.
[[0;32m  OK  [0m] Stopped target User and Group Name Lookups.
[[0;32m  OK  [0m] Stopped target Basic System.
[[0;32m  OK  [0m] Stopped target Sockets.
[[0;32m  OK  [0m] Closed UUID daemon activation socket.
[[0;32m  OK  [0m] Closed Socket activation for snappy daemon.
[[0;32m  OK  [0m] Closed Syslog Socket.
[[0;32m  OK  [0m] Closed ACPID Listen Socket.
[[0;32m  OK  [0m] Closed Open-iSCSI iscsid Socket.
[[0;32m  OK  [0m] Closed LXD - unix socket.
[[0;32m  OK  [0m] Stopped target Paths.
[[0;32m  OK  [0m] Stopped ACPI Events Check.
[[0;32m  OK  [0m] Stopped target Slices.
[[0;32m  OK  [0m] Removed slice User and Session Slice.
[[0;32m  OK  [0m] Closed D-Bus System Message Bus Socket.
[[0;32m  OK  [0m] Stopped target System Initialization.
         Stopping Load/Save Random Seed...
         Stopping Update UTMP about System Boot/Shutdown...
[[0;32m  OK  [0m] Stopped target Local Encrypted Volumes.
[[0;32m  OK  [0m] Stopped Forward Password Requests to Wall Directory Watch.
[[0;32m  OK  [0m] Stopped Dispatch Password Requests to Console Directory Watch.
[[0;32m  OK  [0m] Stopped Commit a transient machine-id on disk.
[[0;32m  OK  [0m] Stopped Initial cloud-init job (metadata service crawler).
[[0;32m  OK  [0m] Stopped Wait for Network to be Configured.
         Stopping Network Service...
[[0;32m  OK  [0m] Stopped Load/Save Random Seed.
[[0;32m  OK  [0m] Stopped Update UTMP about System Boot/Shutdown.
[[0;32m  OK  [0m] Stopped Create Volatile Files and Directories.
[[0;32m  OK  [0m] Stopped target Local File Systems.
         Unmounting /vagrant...
         Unmounting /run/user/1000...
         Unmounting /var/www/html...
[[0;32m  OK  [0m] Stopped Network Service.
[[0;32m  OK  [0m] Unmounted /vagrant.
[[0;32m  OK  [0m] Unmounted /run/user/1000.
[[0;32m  OK  [0m] Unmounted /var/www/html.
[[0;32m  OK  [0m] Stopped target Swap.
[[0;32m  OK  [0m] Reached target Unmount All Filesystems.
[[0;32m  OK  [0m] Stopped target Local File Systems (Pre).
         Stopping Monitoring of LVM2 mirrors…ng dmeventd or progress polling...
[[0;32m  OK  [0m] Stopped Create Static Device Nodes in /dev.
[[0;32m  OK  [0m] Stopped Apply Kernel Variables.
[[0;32m  OK  [0m] Stopped Load Kernel Modules.
[[0;32m  OK  [0m] Stopped target Network (Pre).
[[0;32m  OK  [0m] Stopped Initial cloud-init job (pre-networking).
[[0;32m  OK  [0m] Stopped Remount Root and Kernel File Systems.
[[0;32m  OK  [0m] Reached target Shutdown.
[[0;32m  OK  [0m] Reached target Final Step.
         Starting Power-Off...
[[0;32m  OK  [0m] Stopped Monitoring of LVM2 mirrors,…sing dmeventd or progress polling.
         Stopping LVM2 metadata daemon...
[[0;32m  OK  [0m] Stopped LVM2 metadata daemon.
[  277.778854] reboot: Power down
